The target system is: Linux-CXX -  - 
The host system is: Linux - 4.15.0-142-generic - x86_64
Compiling the C compiler identification source file "CMakeCCompilerId.c" succeeded.
Compiler: /home/nadeen/ri5cy_gnu_toolchain/install/bin/riscv32-unknown-elf-gcc 
Build flags: -O3;-m32;-g
Id flags:  

The output was:
0


Compilation of the C compiler identification source "CMakeCCompilerId.c" produced "a.out"

The C compiler identification is GNU, found in "/home/nadeen/Documents/home/ahmed98/pulpino_nadeen/sw/build/CMakeFiles/3.17.3/CompilerIdC/a.out"

Compiling the CXX compiler identification source file "CMakeCXXCompilerId.cpp" succeeded.
Compiler: /home/nadeen/ri5cy_gnu_toolchain/install/bin/riscv32-unknown-elf-c++ 
Build flags: 
Id flags:  

The output was:
0


Compilation of the CXX compiler identification source "CMakeCXXCompilerId.cpp" produced "a.out"

The CXX compiler identification is GNU, found in "/home/nadeen/Documents/home/ahmed98/pulpino_nadeen/sw/build/CMakeFiles/3.17.3/CompilerIdCXX/a.out"

Checking whether the ASM compiler is GNU using "--version" matched "(GNU assembler)|(GCC)|(Free Software Foundation)":
riscv32-unknown-elf-gcc (GCC) 5.2.0
Copyright (C) 2015 Free Software Foundation, Inc.
This is free software; see the source for copying conditions.  There is NO
warranty; not even for MERCHANTABILITY or FITNESS FOR A PARTICULAR PURPOSE.

Determining if the C compiler works passed with the following output:
Change Dir: /home/nadeen/Documents/home/ahmed98/pulpino_nadeen/sw/build/CMakeFiles/CMakeTmp

Run Build Command(s):/usr/bin/make cmTC_cea9a/fast && /usr/bin/make  -f CMakeFiles/cmTC_cea9a.dir/build.make CMakeFiles/cmTC_cea9a.dir/build
make[1]: Entering directory '/home/nadeen/Documents/home/ahmed98/pulpino_nadeen/sw/build/CMakeFiles/CMakeTmp'
Building C object CMakeFiles/cmTC_cea9a.dir/testCCompiler.c.o
/home/nadeen/ri5cy_gnu_toolchain/install/bin/riscv32-unknown-elf-gcc   -O3 -m32 -g    -o CMakeFiles/cmTC_cea9a.dir/testCCompiler.c.o   -c /home/nadeen/Documents/home/ahmed98/pulpino_nadeen/sw/build/CMakeFiles/CMakeTmp/testCCompiler.c
Linking C executable cmTC_cea9a
/usr/local/bin/cmake -E cmake_link_script CMakeFiles/cmTC_cea9a.dir/link.txt --verbose=1
/home/nadeen/ri5cy_gnu_toolchain/install/bin/riscv32-unknown-elf-gcc -O3 -m32 -g     CMakeFiles/cmTC_cea9a.dir/testCCompiler.c.o  -o cmTC_cea9a 
make[1]: Leaving directory '/home/nadeen/Documents/home/ahmed98/pulpino_nadeen/sw/build/CMakeFiles/CMakeTmp'



Detecting C compiler ABI info compiled with the following output:
Change Dir: /home/nadeen/Documents/home/ahmed98/pulpino_nadeen/sw/build/CMakeFiles/CMakeTmp

Run Build Command(s):/usr/bin/make cmTC_2f143/fast && /usr/bin/make  -f CMakeFiles/cmTC_2f143.dir/build.make CMakeFiles/cmTC_2f143.dir/build
make[1]: Entering directory '/home/nadeen/Documents/home/ahmed98/pulpino_nadeen/sw/build/CMakeFiles/CMakeTmp'
Building C object CMakeFiles/cmTC_2f143.dir/CMakeCCompilerABI.c.o
/home/nadeen/ri5cy_gnu_toolchain/install/bin/riscv32-unknown-elf-gcc   -O3 -m32 -g    -v -o CMakeFiles/cmTC_2f143.dir/CMakeCCompilerABI.c.o   -c /usr/local/share/cmake-3.17/Modules/CMakeCCompilerABI.c
Using built-in specs.
COLLECT_GCC=/home/nadeen/ri5cy_gnu_toolchain/install/bin/riscv32-unknown-elf-gcc
Target: riscv32-unknown-elf
Configured with: /home/nadeen/ri5cy_gnu_toolchain/build/src/newlib-gcc/configure --target=riscv32-unknown-elf --prefix=/home/nadeen/ri5cy_gnu_toolchain/install --disable-shared --disable-threads --enable-tls --enable-languages=c,c++ --with-newlib --disable-libmudflap --disable-libssp --disable-libquadmath --disable-libgomp --disable-nls --disable-multilib --with-arch=IM
Thread model: single
gcc version 5.2.0 (GCC) 
COLLECT_GCC_OPTIONS='-O3' '-m32' '-g' '-v' '-o' 'CMakeFiles/cmTC_2f143.dir/CMakeCCompilerABI.c.o' '-c' '-march=IM'
 /home/nadeen/ri5cy_gnu_toolchain/install/libexec/gcc/riscv32-unknown-elf/5.2.0/cc1 -quiet -v /usr/local/share/cmake-3.17/Modules/CMakeCCompilerABI.c -quiet -dumpbase CMakeCCompilerABI.c -m32 -march=IM -auxbase-strip CMakeFiles/cmTC_2f143.dir/CMakeCCompilerABI.c.o -g -O3 -version -o /tmp/ccjUYWiI.s
GNU C11 (GCC) version 5.2.0 (riscv32-unknown-elf)
	compiled by GNU C version 5.4.0 20160609, GMP version 6.1.0, MPFR version 3.1.4, MPC version 1.0.3
GGC heuristics: --param ggc-min-expand=100 --param ggc-min-heapsize=131072
ignoring nonexistent directory "/home/nadeen/ri5cy_gnu_toolchain/install/lib/gcc/riscv32-unknown-elf/5.2.0/../../../../riscv32-unknown-elf/sys-include"
#include "..." search starts here:
#include <...> search starts here:
 /home/nadeen/ri5cy_gnu_toolchain/install/lib/gcc/riscv32-unknown-elf/5.2.0/include
 /home/nadeen/ri5cy_gnu_toolchain/install/lib/gcc/riscv32-unknown-elf/5.2.0/include-fixed
 /home/nadeen/ri5cy_gnu_toolchain/install/lib/gcc/riscv32-unknown-elf/5.2.0/../../../../riscv32-unknown-elf/include
End of search list.
GNU C11 (GCC) version 5.2.0 (riscv32-unknown-elf)
	compiled by GNU C version 5.4.0 20160609, GMP version 6.1.0, MPFR version 3.1.4, MPC version 1.0.3
GGC heuristics: --param ggc-min-expand=100 --param ggc-min-heapsize=131072
Compiler executable checksum: 90638b88a9db62418789f902f17fb1b7
COLLECT_GCC_OPTIONS='-O3' '-m32' '-g' '-v' '-o' 'CMakeFiles/cmTC_2f143.dir/CMakeCCompilerABI.c.o' '-c' '-march=IM'
 /home/nadeen/ri5cy_gnu_toolchain/install/lib/gcc/riscv32-unknown-elf/5.2.0/../../../../riscv32-unknown-elf/bin/as -v --traditional-format -m32 -march=IM -o CMakeFiles/cmTC_2f143.dir/CMakeCCompilerABI.c.o /tmp/ccjUYWiI.s
GNU assembler version 2.25 (riscv32-unknown-elf) using BFD version (GNU Binutils) 2.25
COMPILER_PATH=/home/nadeen/ri5cy_gnu_toolchain/install/libexec/gcc/riscv32-unknown-elf/5.2.0/:/home/nadeen/ri5cy_gnu_toolchain/install/libexec/gcc/riscv32-unknown-elf/5.2.0/:/home/nadeen/ri5cy_gnu_toolchain/install/libexec/gcc/riscv32-unknown-elf/:/home/nadeen/ri5cy_gnu_toolchain/install/lib/gcc/riscv32-unknown-elf/5.2.0/:/home/nadeen/ri5cy_gnu_toolchain/install/lib/gcc/riscv32-unknown-elf/:/home/nadeen/ri5cy_gnu_toolchain/install/lib/gcc/riscv32-unknown-elf/5.2.0/../../../../riscv32-unknown-elf/bin/
LIBRARY_PATH=/home/nadeen/ri5cy_gnu_toolchain/install/lib/gcc/riscv32-unknown-elf/5.2.0/:/home/nadeen/ri5cy_gnu_toolchain/install/lib/gcc/riscv32-unknown-elf/5.2.0/../../../../riscv32-unknown-elf/lib/
COLLECT_GCC_OPTIONS='-O3' '-m32' '-g' '-v' '-o' 'CMakeFiles/cmTC_2f143.dir/CMakeCCompilerABI.c.o' '-c' '-march=IM'
Linking C executable cmTC_2f143
/usr/local/bin/cmake -E cmake_link_script CMakeFiles/cmTC_2f143.dir/link.txt --verbose=1
/home/nadeen/ri5cy_gnu_toolchain/install/bin/riscv32-unknown-elf-gcc -O3 -m32 -g    -v CMakeFiles/cmTC_2f143.dir/CMakeCCompilerABI.c.o  -o cmTC_2f143 
Using built-in specs.
COLLECT_GCC=/home/nadeen/ri5cy_gnu_toolchain/install/bin/riscv32-unknown-elf-gcc
COLLECT_LTO_WRAPPER=/home/nadeen/ri5cy_gnu_toolchain/install/libexec/gcc/riscv32-unknown-elf/5.2.0/lto-wrapper
Target: riscv32-unknown-elf
Configured with: /home/nadeen/ri5cy_gnu_toolchain/build/src/newlib-gcc/configure --target=riscv32-unknown-elf --prefix=/home/nadeen/ri5cy_gnu_toolchain/install --disable-shared --disable-threads --enable-tls --enable-languages=c,c++ --with-newlib --disable-libmudflap --disable-libssp --disable-libquadmath --disable-libgomp --disable-nls --disable-multilib --with-arch=IM
Thread model: single
gcc version 5.2.0 (GCC) 
COMPILER_PATH=/home/nadeen/ri5cy_gnu_toolchain/install/libexec/gcc/riscv32-unknown-elf/5.2.0/:/home/nadeen/ri5cy_gnu_toolchain/install/libexec/gcc/riscv32-unknown-elf/5.2.0/:/home/nadeen/ri5cy_gnu_toolchain/install/libexec/gcc/riscv32-unknown-elf/:/home/nadeen/ri5cy_gnu_toolchain/install/lib/gcc/riscv32-unknown-elf/5.2.0/:/home/nadeen/ri5cy_gnu_toolchain/install/lib/gcc/riscv32-unknown-elf/:/home/nadeen/ri5cy_gnu_toolchain/install/lib/gcc/riscv32-unknown-elf/5.2.0/../../../../riscv32-unknown-elf/bin/
LIBRARY_PATH=/home/nadeen/ri5cy_gnu_toolchain/install/lib/gcc/riscv32-unknown-elf/5.2.0/:/home/nadeen/ri5cy_gnu_toolchain/install/lib/gcc/riscv32-unknown-elf/5.2.0/../../../../riscv32-unknown-elf/lib/
COLLECT_GCC_OPTIONS='-O3' '-m32' '-g' '-v' '-o' 'cmTC_2f143' '-march=IM'
 /home/nadeen/ri5cy_gnu_toolchain/install/libexec/gcc/riscv32-unknown-elf/5.2.0/collect2 -plugin /home/nadeen/ri5cy_gnu_toolchain/install/libexec/gcc/riscv32-unknown-elf/5.2.0/liblto_plugin.so -plugin-opt=/home/nadeen/ri5cy_gnu_toolchain/install/libexec/gcc/riscv32-unknown-elf/5.2.0/lto-wrapper -plugin-opt=-fresolution=/tmp/ccFkdsVN.res -plugin-opt=-pass-through=-lgcc -plugin-opt=-pass-through=-lgcc -dT riscv.ld -melf32lriscv --march=IM -o cmTC_2f143 /home/nadeen/ri5cy_gnu_toolchain/install/lib/gcc/riscv32-unknown-elf/5.2.0/../../../../riscv32-unknown-elf/lib/crt0.o /home/nadeen/ri5cy_gnu_toolchain/install/lib/gcc/riscv32-unknown-elf/5.2.0/crtbegin.o -L/home/nadeen/ri5cy_gnu_toolchain/install/lib/gcc/riscv32-unknown-elf/5.2.0 -L/home/nadeen/ri5cy_gnu_toolchain/install/lib/gcc/riscv32-unknown-elf/5.2.0/../../../../riscv32-unknown-elf/lib CMakeFiles/cmTC_2f143.dir/CMakeCCompilerABI.c.o -lgcc -lgcc /home/nadeen/ri5cy_gnu_toolchain/install/lib/gcc/riscv32-unknown-elf/5.2.0/crtend.o
make[1]: Leaving directory '/home/nadeen/Documents/home/ahmed98/pulpino_nadeen/sw/build/CMakeFiles/CMakeTmp'



Parsed C implicit include dir info from above output: rv=done
  found start of include info
  found start of implicit include info
    add: [/home/nadeen/ri5cy_gnu_toolchain/install/lib/gcc/riscv32-unknown-elf/5.2.0/include]
    add: [/home/nadeen/ri5cy_gnu_toolchain/install/lib/gcc/riscv32-unknown-elf/5.2.0/include-fixed]
    add: [/home/nadeen/ri5cy_gnu_toolchain/install/lib/gcc/riscv32-unknown-elf/5.2.0/../../../../riscv32-unknown-elf/include]
  end of search list found
  collapse include dir [/home/nadeen/ri5cy_gnu_toolchain/install/lib/gcc/riscv32-unknown-elf/5.2.0/include] ==> [/home/nadeen/ri5cy_gnu_toolchain/install/lib/gcc/riscv32-unknown-elf/5.2.0/include]
  collapse include dir [/home/nadeen/ri5cy_gnu_toolchain/install/lib/gcc/riscv32-unknown-elf/5.2.0/include-fixed] ==> [/home/nadeen/ri5cy_gnu_toolchain/install/lib/gcc/riscv32-unknown-elf/5.2.0/include-fixed]
  collapse include dir [/home/nadeen/ri5cy_gnu_toolchain/install/lib/gcc/riscv32-unknown-elf/5.2.0/../../../../riscv32-unknown-elf/include] ==> [/home/nadeen/ri5cy_gnu_toolchain/install/riscv32-unknown-elf/include]
  implicit include dirs: [/home/nadeen/ri5cy_gnu_toolchain/install/lib/gcc/riscv32-unknown-elf/5.2.0/include;/home/nadeen/ri5cy_gnu_toolchain/install/lib/gcc/riscv32-unknown-elf/5.2.0/include-fixed;/home/nadeen/ri5cy_gnu_toolchain/install/riscv32-unknown-elf/include]


Parsed C implicit link information from above output:
  link line regex: [^( *|.*[/\])(riscv32-unknown-elf-ld|CMAKE_LINK_STARTFILE-NOTFOUND|([^/\]+-)?ld|collect2)[^/\]*( |$)]
  ignore line: [Change Dir: /home/nadeen/Documents/home/ahmed98/pulpino_nadeen/sw/build/CMakeFiles/CMakeTmp]
  ignore line: []
  ignore line: [Run Build Command(s):/usr/bin/make cmTC_2f143/fast && /usr/bin/make  -f CMakeFiles/cmTC_2f143.dir/build.make CMakeFiles/cmTC_2f143.dir/build]
  ignore line: [make[1]: Entering directory '/home/nadeen/Documents/home/ahmed98/pulpino_nadeen/sw/build/CMakeFiles/CMakeTmp']
  ignore line: [Building C object CMakeFiles/cmTC_2f143.dir/CMakeCCompilerABI.c.o]
  ignore line: [/home/nadeen/ri5cy_gnu_toolchain/install/bin/riscv32-unknown-elf-gcc   -O3 -m32 -g    -v -o CMakeFiles/cmTC_2f143.dir/CMakeCCompilerABI.c.o   -c /usr/local/share/cmake-3.17/Modules/CMakeCCompilerABI.c]
  ignore line: [Using built-in specs.]
  ignore line: [COLLECT_GCC=/home/nadeen/ri5cy_gnu_toolchain/install/bin/riscv32-unknown-elf-gcc]
  ignore line: [Target: riscv32-unknown-elf]
  ignore line: [Configured with: /home/nadeen/ri5cy_gnu_toolchain/build/src/newlib-gcc/configure --target=riscv32-unknown-elf --prefix=/home/nadeen/ri5cy_gnu_toolchain/install --disable-shared --disable-threads --enable-tls --enable-languages=c c++ --with-newlib --disable-libmudflap --disable-libssp --disable-libquadmath --disable-libgomp --disable-nls --disable-multilib --with-arch=IM]
  ignore line: [Thread model: single]
  ignore line: [gcc version 5.2.0 (GCC) ]
  ignore line: [COLLECT_GCC_OPTIONS='-O3' '-m32' '-g' '-v' '-o' 'CMakeFiles/cmTC_2f143.dir/CMakeCCompilerABI.c.o' '-c' '-march=IM']
  ignore line: [ /home/nadeen/ri5cy_gnu_toolchain/install/libexec/gcc/riscv32-unknown-elf/5.2.0/cc1 -quiet -v /usr/local/share/cmake-3.17/Modules/CMakeCCompilerABI.c -quiet -dumpbase CMakeCCompilerABI.c -m32 -march=IM -auxbase-strip CMakeFiles/cmTC_2f143.dir/CMakeCCompilerABI.c.o -g -O3 -version -o /tmp/ccjUYWiI.s]
  ignore line: [GNU C11 (GCC) version 5.2.0 (riscv32-unknown-elf)]
  ignore line: [	compiled by GNU C version 5.4.0 20160609  GMP version 6.1.0  MPFR version 3.1.4  MPC version 1.0.3]
  ignore line: [GGC heuristics: --param ggc-min-expand=100 --param ggc-min-heapsize=131072]
  ignore line: [ignoring nonexistent directory "/home/nadeen/ri5cy_gnu_toolchain/install/lib/gcc/riscv32-unknown-elf/5.2.0/../../../../riscv32-unknown-elf/sys-include"]
  ignore line: [#include "..." search starts here:]
  ignore line: [#include <...> search starts here:]
  ignore line: [ /home/nadeen/ri5cy_gnu_toolchain/install/lib/gcc/riscv32-unknown-elf/5.2.0/include]
  ignore line: [ /home/nadeen/ri5cy_gnu_toolchain/install/lib/gcc/riscv32-unknown-elf/5.2.0/include-fixed]
  ignore line: [ /home/nadeen/ri5cy_gnu_toolchain/install/lib/gcc/riscv32-unknown-elf/5.2.0/../../../../riscv32-unknown-elf/include]
  ignore line: [End of search list.]
  ignore line: [GNU C11 (GCC) version 5.2.0 (riscv32-unknown-elf)]
  ignore line: [	compiled by GNU C version 5.4.0 20160609  GMP version 6.1.0  MPFR version 3.1.4  MPC version 1.0.3]
  ignore line: [GGC heuristics: --param ggc-min-expand=100 --param ggc-min-heapsize=131072]
  ignore line: [Compiler executable checksum: 90638b88a9db62418789f902f17fb1b7]
  ignore line: [COLLECT_GCC_OPTIONS='-O3' '-m32' '-g' '-v' '-o' 'CMakeFiles/cmTC_2f143.dir/CMakeCCompilerABI.c.o' '-c' '-march=IM']
  ignore line: [ /home/nadeen/ri5cy_gnu_toolchain/install/lib/gcc/riscv32-unknown-elf/5.2.0/../../../../riscv32-unknown-elf/bin/as -v --traditional-format -m32 -march=IM -o CMakeFiles/cmTC_2f143.dir/CMakeCCompilerABI.c.o /tmp/ccjUYWiI.s]
  ignore line: [GNU assembler version 2.25 (riscv32-unknown-elf) using BFD version (GNU Binutils) 2.25]
  ignore line: [COMPILER_PATH=/home/nadeen/ri5cy_gnu_toolchain/install/libexec/gcc/riscv32-unknown-elf/5.2.0/:/home/nadeen/ri5cy_gnu_toolchain/install/libexec/gcc/riscv32-unknown-elf/5.2.0/:/home/nadeen/ri5cy_gnu_toolchain/install/libexec/gcc/riscv32-unknown-elf/:/home/nadeen/ri5cy_gnu_toolchain/install/lib/gcc/riscv32-unknown-elf/5.2.0/:/home/nadeen/ri5cy_gnu_toolchain/install/lib/gcc/riscv32-unknown-elf/:/home/nadeen/ri5cy_gnu_toolchain/install/lib/gcc/riscv32-unknown-elf/5.2.0/../../../../riscv32-unknown-elf/bin/]
  ignore line: [LIBRARY_PATH=/home/nadeen/ri5cy_gnu_toolchain/install/lib/gcc/riscv32-unknown-elf/5.2.0/:/home/nadeen/ri5cy_gnu_toolchain/install/lib/gcc/riscv32-unknown-elf/5.2.0/../../../../riscv32-unknown-elf/lib/]
  ignore line: [COLLECT_GCC_OPTIONS='-O3' '-m32' '-g' '-v' '-o' 'CMakeFiles/cmTC_2f143.dir/CMakeCCompilerABI.c.o' '-c' '-march=IM']
  ignore line: [Linking C executable cmTC_2f143]
  ignore line: [/usr/local/bin/cmake -E cmake_link_script CMakeFiles/cmTC_2f143.dir/link.txt --verbose=1]
  ignore line: [/home/nadeen/ri5cy_gnu_toolchain/install/bin/riscv32-unknown-elf-gcc -O3 -m32 -g    -v CMakeFiles/cmTC_2f143.dir/CMakeCCompilerABI.c.o  -o cmTC_2f143 ]
  ignore line: [Using built-in specs.]
  ignore line: [COLLECT_GCC=/home/nadeen/ri5cy_gnu_toolchain/install/bin/riscv32-unknown-elf-gcc]
  ignore line: [COLLECT_LTO_WRAPPER=/home/nadeen/ri5cy_gnu_toolchain/install/libexec/gcc/riscv32-unknown-elf/5.2.0/lto-wrapper]
  ignore line: [Target: riscv32-unknown-elf]
  ignore line: [Configured with: /home/nadeen/ri5cy_gnu_toolchain/build/src/newlib-gcc/configure --target=riscv32-unknown-elf --prefix=/home/nadeen/ri5cy_gnu_toolchain/install --disable-shared --disable-threads --enable-tls --enable-languages=c c++ --with-newlib --disable-libmudflap --disable-libssp --disable-libquadmath --disable-libgomp --disable-nls --disable-multilib --with-arch=IM]
  ignore line: [Thread model: single]
  ignore line: [gcc version 5.2.0 (GCC) ]
  ignore line: [COMPILER_PATH=/home/nadeen/ri5cy_gnu_toolchain/install/libexec/gcc/riscv32-unknown-elf/5.2.0/:/home/nadeen/ri5cy_gnu_toolchain/install/libexec/gcc/riscv32-unknown-elf/5.2.0/:/home/nadeen/ri5cy_gnu_toolchain/install/libexec/gcc/riscv32-unknown-elf/:/home/nadeen/ri5cy_gnu_toolchain/install/lib/gcc/riscv32-unknown-elf/5.2.0/:/home/nadeen/ri5cy_gnu_toolchain/install/lib/gcc/riscv32-unknown-elf/:/home/nadeen/ri5cy_gnu_toolchain/install/lib/gcc/riscv32-unknown-elf/5.2.0/../../../../riscv32-unknown-elf/bin/]
  ignore line: [LIBRARY_PATH=/home/nadeen/ri5cy_gnu_toolchain/install/lib/gcc/riscv32-unknown-elf/5.2.0/:/home/nadeen/ri5cy_gnu_toolchain/install/lib/gcc/riscv32-unknown-elf/5.2.0/../../../../riscv32-unknown-elf/lib/]
  ignore line: [COLLECT_GCC_OPTIONS='-O3' '-m32' '-g' '-v' '-o' 'cmTC_2f143' '-march=IM']
  link line: [ /home/nadeen/ri5cy_gnu_toolchain/install/libexec/gcc/riscv32-unknown-elf/5.2.0/collect2 -plugin /home/nadeen/ri5cy_gnu_toolchain/install/libexec/gcc/riscv32-unknown-elf/5.2.0/liblto_plugin.so -plugin-opt=/home/nadeen/ri5cy_gnu_toolchain/install/libexec/gcc/riscv32-unknown-elf/5.2.0/lto-wrapper -plugin-opt=-fresolution=/tmp/ccFkdsVN.res -plugin-opt=-pass-through=-lgcc -plugin-opt=-pass-through=-lgcc -dT riscv.ld -melf32lriscv --march=IM -o cmTC_2f143 /home/nadeen/ri5cy_gnu_toolchain/install/lib/gcc/riscv32-unknown-elf/5.2.0/../../../../riscv32-unknown-elf/lib/crt0.o /home/nadeen/ri5cy_gnu_toolchain/install/lib/gcc/riscv32-unknown-elf/5.2.0/crtbegin.o -L/home/nadeen/ri5cy_gnu_toolchain/install/lib/gcc/riscv32-unknown-elf/5.2.0 -L/home/nadeen/ri5cy_gnu_toolchain/install/lib/gcc/riscv32-unknown-elf/5.2.0/../../../../riscv32-unknown-elf/lib CMakeFiles/cmTC_2f143.dir/CMakeCCompilerABI.c.o -lgcc -lgcc /home/nadeen/ri5cy_gnu_toolchain/install/lib/gcc/riscv32-unknown-elf/5.2.0/crtend.o]
    arg [/home/nadeen/ri5cy_gnu_toolchain/install/libexec/gcc/riscv32-unknown-elf/5.2.0/collect2] ==> ignore
    arg [-plugin] ==> ignore
    arg [/home/nadeen/ri5cy_gnu_toolchain/install/libexec/gcc/riscv32-unknown-elf/5.2.0/liblto_plugin.so] ==> ignore
    arg [-plugin-opt=/home/nadeen/ri5cy_gnu_toolchain/install/libexec/gcc/riscv32-unknown-elf/5.2.0/lto-wrapper] ==> ignore
    arg [-plugin-opt=-fresolution=/tmp/ccFkdsVN.res] ==> ignore
    arg [-plugin-opt=-pass-through=-lgcc] ==> ignore
    arg [-plugin-opt=-pass-through=-lgcc] ==> ignore
    arg [-dT] ==> ignore
    arg [riscv.ld] ==> ignore
    arg [-melf32lriscv] ==> ignore
    arg [--march=IM] ==> ignore
    arg [-o] ==> ignore
    arg [cmTC_2f143] ==> ignore
    arg [/home/nadeen/ri5cy_gnu_toolchain/install/lib/gcc/riscv32-unknown-elf/5.2.0/../../../../riscv32-unknown-elf/lib/crt0.o] ==> ignore
    arg [/home/nadeen/ri5cy_gnu_toolchain/install/lib/gcc/riscv32-unknown-elf/5.2.0/crtbegin.o] ==> ignore
    arg [-L/home/nadeen/ri5cy_gnu_toolchain/install/lib/gcc/riscv32-unknown-elf/5.2.0] ==> dir [/home/nadeen/ri5cy_gnu_toolchain/install/lib/gcc/riscv32-unknown-elf/5.2.0]
    arg [-L/home/nadeen/ri5cy_gnu_toolchain/install/lib/gcc/riscv32-unknown-elf/5.2.0/../../../../riscv32-unknown-elf/lib] ==> dir [/home/nadeen/ri5cy_gnu_toolchain/install/lib/gcc/riscv32-unknown-elf/5.2.0/../../../../riscv32-unknown-elf/lib]
    arg [CMakeFiles/cmTC_2f143.dir/CMakeCCompilerABI.c.o] ==> ignore
    arg [-lgcc] ==> lib [gcc]
    arg [-lgcc] ==> lib [gcc]
    arg [/home/nadeen/ri5cy_gnu_toolchain/install/lib/gcc/riscv32-unknown-elf/5.2.0/crtend.o] ==> ignore
  collapse library dir [/home/nadeen/ri5cy_gnu_toolchain/install/lib/gcc/riscv32-unknown-elf/5.2.0] ==> [/home/nadeen/ri5cy_gnu_toolchain/install/lib/gcc/riscv32-unknown-elf/5.2.0]
  collapse library dir [/home/nadeen/ri5cy_gnu_toolchain/install/lib/gcc/riscv32-unknown-elf/5.2.0/../../../../riscv32-unknown-elf/lib] ==> [/home/nadeen/ri5cy_gnu_toolchain/install/riscv32-unknown-elf/lib]
  implicit libs: [gcc;gcc]
  implicit dirs: [/home/nadeen/ri5cy_gnu_toolchain/install/lib/gcc/riscv32-unknown-elf/5.2.0;/home/nadeen/ri5cy_gnu_toolchain/install/riscv32-unknown-elf/lib]
  implicit fwks: []


Determining if the CXX compiler works passed with the following output:
Change Dir: /home/nadeen/Documents/home/ahmed98/pulpino_nadeen/sw/build/CMakeFiles/CMakeTmp

Run Build Command(s):/usr/bin/make cmTC_25c8c/fast && /usr/bin/make  -f CMakeFiles/cmTC_25c8c.dir/build.make CMakeFiles/cmTC_25c8c.dir/build
make[1]: Entering directory '/home/nadeen/Documents/home/ahmed98/pulpino_nadeen/sw/build/CMakeFiles/CMakeTmp'
Building CXX object CMakeFiles/cmTC_25c8c.dir/testCXXCompiler.cxx.o
/home/nadeen/ri5cy_gnu_toolchain/install/bin/riscv32-unknown-elf-c++     -o CMakeFiles/cmTC_25c8c.dir/testCXXCompiler.cxx.o -c /home/nadeen/Documents/home/ahmed98/pulpino_nadeen/sw/build/CMakeFiles/CMakeTmp/testCXXCompiler.cxx
Linking CXX executable cmTC_25c8c
/usr/local/bin/cmake -E cmake_link_script CMakeFiles/cmTC_25c8c.dir/link.txt --verbose=1
/home/nadeen/ri5cy_gnu_toolchain/install/bin/riscv32-unknown-elf-c++       CMakeFiles/cmTC_25c8c.dir/testCXXCompiler.cxx.o  -o cmTC_25c8c 
make[1]: Leaving directory '/home/nadeen/Documents/home/ahmed98/pulpino_nadeen/sw/build/CMakeFiles/CMakeTmp'



Detecting CXX compiler ABI info compiled with the following output:
Change Dir: /home/nadeen/Documents/home/ahmed98/pulpino_nadeen/sw/build/CMakeFiles/CMakeTmp

Run Build Command(s):/usr/bin/make cmTC_ab527/fast && /usr/bin/make  -f CMakeFiles/cmTC_ab527.dir/build.make CMakeFiles/cmTC_ab527.dir/build
make[1]: Entering directory '/home/nadeen/Documents/home/ahmed98/pulpino_nadeen/sw/build/CMakeFiles/CMakeTmp'
Building CXX object CMakeFiles/cmTC_ab527.dir/CMakeCXXCompilerABI.cpp.o
/home/nadeen/ri5cy_gnu_toolchain/install/bin/riscv32-unknown-elf-c++    -v -o CMakeFiles/cmTC_ab527.dir/CMakeCXXCompilerABI.cpp.o -c /usr/local/share/cmake-3.17/Modules/CMakeCXXCompilerABI.cpp
Using built-in specs.
COLLECT_GCC=/home/nadeen/ri5cy_gnu_toolchain/install/bin/riscv32-unknown-elf-c++
Target: riscv32-unknown-elf
Configured with: /home/nadeen/ri5cy_gnu_toolchain/build/src/newlib-gcc/configure --target=riscv32-unknown-elf --prefix=/home/nadeen/ri5cy_gnu_toolchain/install --disable-shared --disable-threads --enable-tls --enable-languages=c,c++ --with-newlib --disable-libmudflap --disable-libssp --disable-libquadmath --disable-libgomp --disable-nls --disable-multilib --with-arch=IM
Thread model: single
gcc version 5.2.0 (GCC) 
COLLECT_GCC_OPTIONS='-v' '-o' 'CMakeFiles/cmTC_ab527.dir/CMakeCXXCompilerABI.cpp.o' '-c' '-march=IM'
 /home/nadeen/ri5cy_gnu_toolchain/install/libexec/gcc/riscv32-unknown-elf/5.2.0/cc1plus -quiet -v /usr/local/share/cmake-3.17/Modules/CMakeCXXCompilerABI.cpp -quiet -dumpbase CMakeCXXCompilerABI.cpp -march=IM -auxbase-strip CMakeFiles/cmTC_ab527.dir/CMakeCXXCompilerABI.cpp.o -version -o /tmp/ccphaOU1.s
GNU C++ (GCC) version 5.2.0 (riscv32-unknown-elf)
	compiled by GNU C version 5.4.0 20160609, GMP version 6.1.0, MPFR version 3.1.4, MPC version 1.0.3
GGC heuristics: --param ggc-min-expand=100 --param ggc-min-heapsize=131072
ignoring nonexistent directory "/home/nadeen/ri5cy_gnu_toolchain/install/lib/gcc/riscv32-unknown-elf/5.2.0/../../../../riscv32-unknown-elf/sys-include"
#include "..." search starts here:
#include <...> search starts here:
 /home/nadeen/ri5cy_gnu_toolchain/install/lib/gcc/riscv32-unknown-elf/5.2.0/../../../../riscv32-unknown-elf/include/c++/5.2.0
 /home/nadeen/ri5cy_gnu_toolchain/install/lib/gcc/riscv32-unknown-elf/5.2.0/../../../../riscv32-unknown-elf/include/c++/5.2.0/riscv32-unknown-elf
 /home/nadeen/ri5cy_gnu_toolchain/install/lib/gcc/riscv32-unknown-elf/5.2.0/../../../../riscv32-unknown-elf/include/c++/5.2.0/backward
 /home/nadeen/ri5cy_gnu_toolchain/install/lib/gcc/riscv32-unknown-elf/5.2.0/include
 /home/nadeen/ri5cy_gnu_toolchain/install/lib/gcc/riscv32-unknown-elf/5.2.0/include-fixed
 /home/nadeen/ri5cy_gnu_toolchain/install/lib/gcc/riscv32-unknown-elf/5.2.0/../../../../riscv32-unknown-elf/include
End of search list.
GNU C++ (GCC) version 5.2.0 (riscv32-unknown-elf)
	compiled by GNU C version 5.4.0 20160609, GMP version 6.1.0, MPFR version 3.1.4, MPC version 1.0.3
GGC heuristics: --param ggc-min-expand=100 --param ggc-min-heapsize=131072
Compiler executable checksum: 4312080c12c3c6da7b8534fc7da5ec6a
COLLECT_GCC_OPTIONS='-v' '-o' 'CMakeFiles/cmTC_ab527.dir/CMakeCXXCompilerABI.cpp.o' '-c' '-march=IM'
 /home/nadeen/ri5cy_gnu_toolchain/install/lib/gcc/riscv32-unknown-elf/5.2.0/../../../../riscv32-unknown-elf/bin/as -v --traditional-format -m32 -march=IM -o CMakeFiles/cmTC_ab527.dir/CMakeCXXCompilerABI.cpp.o /tmp/ccphaOU1.s
GNU assembler version 2.25 (riscv32-unknown-elf) using BFD version (GNU Binutils) 2.25
COMPILER_PATH=/home/nadeen/ri5cy_gnu_toolchain/install/libexec/gcc/riscv32-unknown-elf/5.2.0/:/home/nadeen/ri5cy_gnu_toolchain/install/libexec/gcc/riscv32-unknown-elf/5.2.0/:/home/nadeen/ri5cy_gnu_toolchain/install/libexec/gcc/riscv32-unknown-elf/:/home/nadeen/ri5cy_gnu_toolchain/install/lib/gcc/riscv32-unknown-elf/5.2.0/:/home/nadeen/ri5cy_gnu_toolchain/install/lib/gcc/riscv32-unknown-elf/:/home/nadeen/ri5cy_gnu_toolchain/install/lib/gcc/riscv32-unknown-elf/5.2.0/../../../../riscv32-unknown-elf/bin/
LIBRARY_PATH=/home/nadeen/ri5cy_gnu_toolchain/install/lib/gcc/riscv32-unknown-elf/5.2.0/:/home/nadeen/ri5cy_gnu_toolchain/install/lib/gcc/riscv32-unknown-elf/5.2.0/../../../../riscv32-unknown-elf/lib/
COLLECT_GCC_OPTIONS='-v' '-o' 'CMakeFiles/cmTC_ab527.dir/CMakeCXXCompilerABI.cpp.o' '-c' '-march=IM'
Linking CXX executable cmTC_ab527
/usr/local/bin/cmake -E cmake_link_script CMakeFiles/cmTC_ab527.dir/link.txt --verbose=1
/home/nadeen/ri5cy_gnu_toolchain/install/bin/riscv32-unknown-elf-c++      -v CMakeFiles/cmTC_ab527.dir/CMakeCXXCompilerABI.cpp.o  -o cmTC_ab527 
Using built-in specs.
COLLECT_GCC=/home/nadeen/ri5cy_gnu_toolchain/install/bin/riscv32-unknown-elf-c++
COLLECT_LTO_WRAPPER=/home/nadeen/ri5cy_gnu_toolchain/install/libexec/gcc/riscv32-unknown-elf/5.2.0/lto-wrapper
Target: riscv32-unknown-elf
Configured with: /home/nadeen/ri5cy_gnu_toolchain/build/src/newlib-gcc/configure --target=riscv32-unknown-elf --prefix=/home/nadeen/ri5cy_gnu_toolchain/install --disable-shared --disable-threads --enable-tls --enable-languages=c,c++ --with-newlib --disable-libmudflap --disable-libssp --disable-libquadmath --disable-libgomp --disable-nls --disable-multilib --with-arch=IM
Thread model: single
gcc version 5.2.0 (GCC) 
COMPILER_PATH=/home/nadeen/ri5cy_gnu_toolchain/install/libexec/gcc/riscv32-unknown-elf/5.2.0/:/home/nadeen/ri5cy_gnu_toolchain/install/libexec/gcc/riscv32-unknown-elf/5.2.0/:/home/nadeen/ri5cy_gnu_toolchain/install/libexec/gcc/riscv32-unknown-elf/:/home/nadeen/ri5cy_gnu_toolchain/install/lib/gcc/riscv32-unknown-elf/5.2.0/:/home/nadeen/ri5cy_gnu_toolchain/install/lib/gcc/riscv32-unknown-elf/:/home/nadeen/ri5cy_gnu_toolchain/install/lib/gcc/riscv32-unknown-elf/5.2.0/../../../../riscv32-unknown-elf/bin/
LIBRARY_PATH=/home/nadeen/ri5cy_gnu_toolchain/install/lib/gcc/riscv32-unknown-elf/5.2.0/:/home/nadeen/ri5cy_gnu_toolchain/install/lib/gcc/riscv32-unknown-elf/5.2.0/../../../../riscv32-unknown-elf/lib/
COLLECT_GCC_OPTIONS='-v' '-o' 'cmTC_ab527' '-march=IM'
 /home/nadeen/ri5cy_gnu_toolchain/install/libexec/gcc/riscv32-unknown-elf/5.2.0/collect2 -plugin /home/nadeen/ri5cy_gnu_toolchain/install/libexec/gcc/riscv32-unknown-elf/5.2.0/liblto_plugin.so -plugin-opt=/home/nadeen/ri5cy_gnu_toolchain/install/libexec/gcc/riscv32-unknown-elf/5.2.0/lto-wrapper -plugin-opt=-fresolution=/tmp/ccGPFcm3.res -plugin-opt=-pass-through=-lgcc -plugin-opt=-pass-through=-lgcc -dT riscv.ld --march=IM -o cmTC_ab527 /home/nadeen/ri5cy_gnu_toolchain/install/lib/gcc/riscv32-unknown-elf/5.2.0/../../../../riscv32-unknown-elf/lib/crt0.o /home/nadeen/ri5cy_gnu_toolchain/install/lib/gcc/riscv32-unknown-elf/5.2.0/crtbegin.o -L/home/nadeen/ri5cy_gnu_toolchain/install/lib/gcc/riscv32-unknown-elf/5.2.0 -L/home/nadeen/ri5cy_gnu_toolchain/install/lib/gcc/riscv32-unknown-elf/5.2.0/../../../../riscv32-unknown-elf/lib CMakeFiles/cmTC_ab527.dir/CMakeCXXCompilerABI.cpp.o -lstdc++ -lm -lgcc -lgcc /home/nadeen/ri5cy_gnu_toolchain/install/lib/gcc/riscv32-unknown-elf/5.2.0/crtend.o
make[1]: Leaving directory '/home/nadeen/Documents/home/ahmed98/pulpino_nadeen/sw/build/CMakeFiles/CMakeTmp'



Parsed CXX implicit include dir info from above output: rv=done
  found start of include info
  found start of implicit include info
    add: [/home/nadeen/ri5cy_gnu_toolchain/install/lib/gcc/riscv32-unknown-elf/5.2.0/../../../../riscv32-unknown-elf/include/c++/5.2.0]
    add: [/home/nadeen/ri5cy_gnu_toolchain/install/lib/gcc/riscv32-unknown-elf/5.2.0/../../../../riscv32-unknown-elf/include/c++/5.2.0/riscv32-unknown-elf]
    add: [/home/nadeen/ri5cy_gnu_toolchain/install/lib/gcc/riscv32-unknown-elf/5.2.0/../../../../riscv32-unknown-elf/include/c++/5.2.0/backward]
    add: [/home/nadeen/ri5cy_gnu_toolchain/install/lib/gcc/riscv32-unknown-elf/5.2.0/include]
    add: [/home/nadeen/ri5cy_gnu_toolchain/install/lib/gcc/riscv32-unknown-elf/5.2.0/include-fixed]
    add: [/home/nadeen/ri5cy_gnu_toolchain/install/lib/gcc/riscv32-unknown-elf/5.2.0/../../../../riscv32-unknown-elf/include]
  end of search list found
  collapse include dir [/home/nadeen/ri5cy_gnu_toolchain/install/lib/gcc/riscv32-unknown-elf/5.2.0/../../../../riscv32-unknown-elf/include/c++/5.2.0] ==> [/home/nadeen/ri5cy_gnu_toolchain/install/riscv32-unknown-elf/include/c++/5.2.0]
  collapse include dir [/home/nadeen/ri5cy_gnu_toolchain/install/lib/gcc/riscv32-unknown-elf/5.2.0/../../../../riscv32-unknown-elf/include/c++/5.2.0/riscv32-unknown-elf] ==> [/home/nadeen/ri5cy_gnu_toolchain/install/riscv32-unknown-elf/include/c++/5.2.0/riscv32-unknown-elf]
  collapse include dir [/home/nadeen/ri5cy_gnu_toolchain/install/lib/gcc/riscv32-unknown-elf/5.2.0/../../../../riscv32-unknown-elf/include/c++/5.2.0/backward] ==> [/home/nadeen/ri5cy_gnu_toolchain/install/riscv32-unknown-elf/include/c++/5.2.0/backward]
  collapse include dir [/home/nadeen/ri5cy_gnu_toolchain/install/lib/gcc/riscv32-unknown-elf/5.2.0/include] ==> [/home/nadeen/ri5cy_gnu_toolchain/install/lib/gcc/riscv32-unknown-elf/5.2.0/include]
  collapse include dir [/home/nadeen/ri5cy_gnu_toolchain/install/lib/gcc/riscv32-unknown-elf/5.2.0/include-fixed] ==> [/home/nadeen/ri5cy_gnu_toolchain/install/lib/gcc/riscv32-unknown-elf/5.2.0/include-fixed]
  collapse include dir [/home/nadeen/ri5cy_gnu_toolchain/install/lib/gcc/riscv32-unknown-elf/5.2.0/../../../../riscv32-unknown-elf/include] ==> [/home/nadeen/ri5cy_gnu_toolchain/install/riscv32-unknown-elf/include]
  implicit include dirs: [/home/nadeen/ri5cy_gnu_toolchain/install/riscv32-unknown-elf/include/c++/5.2.0;/home/nadeen/ri5cy_gnu_toolchain/install/riscv32-unknown-elf/include/c++/5.2.0/riscv32-unknown-elf;/home/nadeen/ri5cy_gnu_toolchain/install/riscv32-unknown-elf/include/c++/5.2.0/backward;/home/nadeen/ri5cy_gnu_toolchain/install/lib/gcc/riscv32-unknown-elf/5.2.0/include;/home/nadeen/ri5cy_gnu_toolchain/install/lib/gcc/riscv32-unknown-elf/5.2.0/include-fixed;/home/nadeen/ri5cy_gnu_toolchain/install/riscv32-unknown-elf/include]


Parsed CXX implicit link information from above output:
  link line regex: [^( *|.*[/\])(riscv32-unknown-elf-ld|CMAKE_LINK_STARTFILE-NOTFOUND|([^/\]+-)?ld|collect2)[^/\]*( |$)]
  ignore line: [Change Dir: /home/nadeen/Documents/home/ahmed98/pulpino_nadeen/sw/build/CMakeFiles/CMakeTmp]
  ignore line: []
  ignore line: [Run Build Command(s):/usr/bin/make cmTC_ab527/fast && /usr/bin/make  -f CMakeFiles/cmTC_ab527.dir/build.make CMakeFiles/cmTC_ab527.dir/build]
  ignore line: [make[1]: Entering directory '/home/nadeen/Documents/home/ahmed98/pulpino_nadeen/sw/build/CMakeFiles/CMakeTmp']
  ignore line: [Building CXX object CMakeFiles/cmTC_ab527.dir/CMakeCXXCompilerABI.cpp.o]
  ignore line: [/home/nadeen/ri5cy_gnu_toolchain/install/bin/riscv32-unknown-elf-c++    -v -o CMakeFiles/cmTC_ab527.dir/CMakeCXXCompilerABI.cpp.o -c /usr/local/share/cmake-3.17/Modules/CMakeCXXCompilerABI.cpp]
  ignore line: [Using built-in specs.]
  ignore line: [COLLECT_GCC=/home/nadeen/ri5cy_gnu_toolchain/install/bin/riscv32-unknown-elf-c++]
  ignore line: [Target: riscv32-unknown-elf]
  ignore line: [Configured with: /home/nadeen/ri5cy_gnu_toolchain/build/src/newlib-gcc/configure --target=riscv32-unknown-elf --prefix=/home/nadeen/ri5cy_gnu_toolchain/install --disable-shared --disable-threads --enable-tls --enable-languages=c c++ --with-newlib --disable-libmudflap --disable-libssp --disable-libquadmath --disable-libgomp --disable-nls --disable-multilib --with-arch=IM]
  ignore line: [Thread model: single]
  ignore line: [gcc version 5.2.0 (GCC) ]
  ignore line: [COLLECT_GCC_OPTIONS='-v' '-o' 'CMakeFiles/cmTC_ab527.dir/CMakeCXXCompilerABI.cpp.o' '-c' '-march=IM']
  ignore line: [ /home/nadeen/ri5cy_gnu_toolchain/install/libexec/gcc/riscv32-unknown-elf/5.2.0/cc1plus -quiet -v /usr/local/share/cmake-3.17/Modules/CMakeCXXCompilerABI.cpp -quiet -dumpbase CMakeCXXCompilerABI.cpp -march=IM -auxbase-strip CMakeFiles/cmTC_ab527.dir/CMakeCXXCompilerABI.cpp.o -version -o /tmp/ccphaOU1.s]
  ignore line: [GNU C++ (GCC) version 5.2.0 (riscv32-unknown-elf)]
  ignore line: [	compiled by GNU C version 5.4.0 20160609  GMP version 6.1.0  MPFR version 3.1.4  MPC version 1.0.3]
  ignore line: [GGC heuristics: --param ggc-min-expand=100 --param ggc-min-heapsize=131072]
  ignore line: [ignoring nonexistent directory "/home/nadeen/ri5cy_gnu_toolchain/install/lib/gcc/riscv32-unknown-elf/5.2.0/../../../../riscv32-unknown-elf/sys-include"]
  ignore line: [#include "..." search starts here:]
  ignore line: [#include <...> search starts here:]
  ignore line: [ /home/nadeen/ri5cy_gnu_toolchain/install/lib/gcc/riscv32-unknown-elf/5.2.0/../../../../riscv32-unknown-elf/include/c++/5.2.0]
  ignore line: [ /home/nadeen/ri5cy_gnu_toolchain/install/lib/gcc/riscv32-unknown-elf/5.2.0/../../../../riscv32-unknown-elf/include/c++/5.2.0/riscv32-unknown-elf]
  ignore line: [ /home/nadeen/ri5cy_gnu_toolchain/install/lib/gcc/riscv32-unknown-elf/5.2.0/../../../../riscv32-unknown-elf/include/c++/5.2.0/backward]
  ignore line: [ /home/nadeen/ri5cy_gnu_toolchain/install/lib/gcc/riscv32-unknown-elf/5.2.0/include]
  ignore line: [ /home/nadeen/ri5cy_gnu_toolchain/install/lib/gcc/riscv32-unknown-elf/5.2.0/include-fixed]
  ignore line: [ /home/nadeen/ri5cy_gnu_toolchain/install/lib/gcc/riscv32-unknown-elf/5.2.0/../../../../riscv32-unknown-elf/include]
  ignore line: [End of search list.]
  ignore line: [GNU C++ (GCC) version 5.2.0 (riscv32-unknown-elf)]
  ignore line: [	compiled by GNU C version 5.4.0 20160609  GMP version 6.1.0  MPFR version 3.1.4  MPC version 1.0.3]
  ignore line: [GGC heuristics: --param ggc-min-expand=100 --param ggc-min-heapsize=131072]
  ignore line: [Compiler executable checksum: 4312080c12c3c6da7b8534fc7da5ec6a]
  ignore line: [COLLECT_GCC_OPTIONS='-v' '-o' 'CMakeFiles/cmTC_ab527.dir/CMakeCXXCompilerABI.cpp.o' '-c' '-march=IM']
  ignore line: [ /home/nadeen/ri5cy_gnu_toolchain/install/lib/gcc/riscv32-unknown-elf/5.2.0/../../../../riscv32-unknown-elf/bin/as -v --traditional-format -m32 -march=IM -o CMakeFiles/cmTC_ab527.dir/CMakeCXXCompilerABI.cpp.o /tmp/ccphaOU1.s]
  ignore line: [GNU assembler version 2.25 (riscv32-unknown-elf) using BFD version (GNU Binutils) 2.25]
  ignore line: [COMPILER_PATH=/home/nadeen/ri5cy_gnu_toolchain/install/libexec/gcc/riscv32-unknown-elf/5.2.0/:/home/nadeen/ri5cy_gnu_toolchain/install/libexec/gcc/riscv32-unknown-elf/5.2.0/:/home/nadeen/ri5cy_gnu_toolchain/install/libexec/gcc/riscv32-unknown-elf/:/home/nadeen/ri5cy_gnu_toolchain/install/lib/gcc/riscv32-unknown-elf/5.2.0/:/home/nadeen/ri5cy_gnu_toolchain/install/lib/gcc/riscv32-unknown-elf/:/home/nadeen/ri5cy_gnu_toolchain/install/lib/gcc/riscv32-unknown-elf/5.2.0/../../../../riscv32-unknown-elf/bin/]
  ignore line: [LIBRARY_PATH=/home/nadeen/ri5cy_gnu_toolchain/install/lib/gcc/riscv32-unknown-elf/5.2.0/:/home/nadeen/ri5cy_gnu_toolchain/install/lib/gcc/riscv32-unknown-elf/5.2.0/../../../../riscv32-unknown-elf/lib/]
  ignore line: [COLLECT_GCC_OPTIONS='-v' '-o' 'CMakeFiles/cmTC_ab527.dir/CMakeCXXCompilerABI.cpp.o' '-c' '-march=IM']
  ignore line: [Linking CXX executable cmTC_ab527]
  ignore line: [/usr/local/bin/cmake -E cmake_link_script CMakeFiles/cmTC_ab527.dir/link.txt --verbose=1]
  ignore line: [/home/nadeen/ri5cy_gnu_toolchain/install/bin/riscv32-unknown-elf-c++      -v CMakeFiles/cmTC_ab527.dir/CMakeCXXCompilerABI.cpp.o  -o cmTC_ab527 ]
  ignore line: [Using built-in specs.]
  ignore line: [COLLECT_GCC=/home/nadeen/ri5cy_gnu_toolchain/install/bin/riscv32-unknown-elf-c++]
  ignore line: [COLLECT_LTO_WRAPPER=/home/nadeen/ri5cy_gnu_toolchain/install/libexec/gcc/riscv32-unknown-elf/5.2.0/lto-wrapper]
  ignore line: [Target: riscv32-unknown-elf]
  ignore line: [Configured with: /home/nadeen/ri5cy_gnu_toolchain/build/src/newlib-gcc/configure --target=riscv32-unknown-elf --prefix=/home/nadeen/ri5cy_gnu_toolchain/install --disable-shared --disable-threads --enable-tls --enable-languages=c c++ --with-newlib --disable-libmudflap --disable-libssp --disable-libquadmath --disable-libgomp --disable-nls --disable-multilib --with-arch=IM]
  ignore line: [Thread model: single]
  ignore line: [gcc version 5.2.0 (GCC) ]
  ignore line: [COMPILER_PATH=/home/nadeen/ri5cy_gnu_toolchain/install/libexec/gcc/riscv32-unknown-elf/5.2.0/:/home/nadeen/ri5cy_gnu_toolchain/install/libexec/gcc/riscv32-unknown-elf/5.2.0/:/home/nadeen/ri5cy_gnu_toolchain/install/libexec/gcc/riscv32-unknown-elf/:/home/nadeen/ri5cy_gnu_toolchain/install/lib/gcc/riscv32-unknown-elf/5.2.0/:/home/nadeen/ri5cy_gnu_toolchain/install/lib/gcc/riscv32-unknown-elf/:/home/nadeen/ri5cy_gnu_toolchain/install/lib/gcc/riscv32-unknown-elf/5.2.0/../../../../riscv32-unknown-elf/bin/]
  ignore line: [LIBRARY_PATH=/home/nadeen/ri5cy_gnu_toolchain/install/lib/gcc/riscv32-unknown-elf/5.2.0/:/home/nadeen/ri5cy_gnu_toolchain/install/lib/gcc/riscv32-unknown-elf/5.2.0/../../../../riscv32-unknown-elf/lib/]
  ignore line: [COLLECT_GCC_OPTIONS='-v' '-o' 'cmTC_ab527' '-march=IM']
  link line: [ /home/nadeen/ri5cy_gnu_toolchain/install/libexec/gcc/riscv32-unknown-elf/5.2.0/collect2 -plugin /home/nadeen/ri5cy_gnu_toolchain/install/libexec/gcc/riscv32-unknown-elf/5.2.0/liblto_plugin.so -plugin-opt=/home/nadeen/ri5cy_gnu_toolchain/install/libexec/gcc/riscv32-unknown-elf/5.2.0/lto-wrapper -plugin-opt=-fresolution=/tmp/ccGPFcm3.res -plugin-opt=-pass-through=-lgcc -plugin-opt=-pass-through=-lgcc -dT riscv.ld --march=IM -o cmTC_ab527 /home/nadeen/ri5cy_gnu_toolchain/install/lib/gcc/riscv32-unknown-elf/5.2.0/../../../../riscv32-unknown-elf/lib/crt0.o /home/nadeen/ri5cy_gnu_toolchain/install/lib/gcc/riscv32-unknown-elf/5.2.0/crtbegin.o -L/home/nadeen/ri5cy_gnu_toolchain/install/lib/gcc/riscv32-unknown-elf/5.2.0 -L/home/nadeen/ri5cy_gnu_toolchain/install/lib/gcc/riscv32-unknown-elf/5.2.0/../../../../riscv32-unknown-elf/lib CMakeFiles/cmTC_ab527.dir/CMakeCXXCompilerABI.cpp.o -lstdc++ -lm -lgcc -lgcc /home/nadeen/ri5cy_gnu_toolchain/install/lib/gcc/riscv32-unknown-elf/5.2.0/crtend.o]
    arg [/home/nadeen/ri5cy_gnu_toolchain/install/libexec/gcc/riscv32-unknown-elf/5.2.0/collect2] ==> ignore
    arg [-plugin] ==> ignore
    arg [/home/nadeen/ri5cy_gnu_toolchain/install/libexec/gcc/riscv32-unknown-elf/5.2.0/liblto_plugin.so] ==> ignore
    arg [-plugin-opt=/home/nadeen/ri5cy_gnu_toolchain/install/libexec/gcc/riscv32-unknown-elf/5.2.0/lto-wrapper] ==> ignore
    arg [-plugin-opt=-fresolution=/tmp/ccGPFcm3.res] ==> ignore
    arg [-plugin-opt=-pass-through=-lgcc] ==> ignore
    arg [-plugin-opt=-pass-through=-lgcc] ==> ignore
    arg [-dT] ==> ignore
    arg [riscv.ld] ==> ignore
    arg [--march=IM] ==> ignore
    arg [-o] ==> ignore
    arg [cmTC_ab527] ==> ignore
    arg [/home/nadeen/ri5cy_gnu_toolchain/install/lib/gcc/riscv32-unknown-elf/5.2.0/../../../../riscv32-unknown-elf/lib/crt0.o] ==> ignore
    arg [/home/nadeen/ri5cy_gnu_toolchain/install/lib/gcc/riscv32-unknown-elf/5.2.0/crtbegin.o] ==> ignore
    arg [-L/home/nadeen/ri5cy_gnu_toolchain/install/lib/gcc/riscv32-unknown-elf/5.2.0] ==> dir [/home/nadeen/ri5cy_gnu_toolchain/install/lib/gcc/riscv32-unknown-elf/5.2.0]
    arg [-L/home/nadeen/ri5cy_gnu_toolchain/install/lib/gcc/riscv32-unknown-elf/5.2.0/../../../../riscv32-unknown-elf/lib] ==> dir [/home/nadeen/ri5cy_gnu_toolchain/install/lib/gcc/riscv32-unknown-elf/5.2.0/../../../../riscv32-unknown-elf/lib]
    arg [CMakeFiles/cmTC_ab527.dir/CMakeCXXCompilerABI.cpp.o] ==> ignore
    arg [-lstdc++] ==> lib [stdc++]
    arg [-lm] ==> lib [m]
    arg [-lgcc] ==> lib [gcc]
    arg [-lgcc] ==> lib [gcc]
    arg [/home/nadeen/ri5cy_gnu_toolchain/install/lib/gcc/riscv32-unknown-elf/5.2.0/crtend.o] ==> ignore
  collapse library dir [/home/nadeen/ri5cy_gnu_toolchain/install/lib/gcc/riscv32-unknown-elf/5.2.0] ==> [/home/nadeen/ri5cy_gnu_toolchain/install/lib/gcc/riscv32-unknown-elf/5.2.0]
  collapse library dir [/home/nadeen/ri5cy_gnu_toolchain/install/lib/gcc/riscv32-unknown-elf/5.2.0/../../../../riscv32-unknown-elf/lib] ==> [/home/nadeen/ri5cy_gnu_toolchain/install/riscv32-unknown-elf/lib]
  implicit libs: [stdc++;m;gcc;gcc]
  implicit dirs: [/home/nadeen/ri5cy_gnu_toolchain/install/lib/gcc/riscv32-unknown-elf/5.2.0;/home/nadeen/ri5cy_gnu_toolchain/install/riscv32-unknown-elf/lib]
  implicit fwks: []


